{"c:\\Users\\dkshi\\Documents\\Github\\CartoGraphX-VS-Extension\\out\\src\\config.js":{"path":"c:\\Users\\dkshi\\Documents\\Github\\CartoGraphX-VS-Extension\\out\\src\\config.js","s":{"1":1,"2":1},"b":{},"f":{},"fnMap":{},"statementMap":{"1":{"start":{"line":2,"column":0},"end":{"line":2,"column":62}},"2":{"start":{"line":3,"column":0},"end":{"line":3,"column":351}}},"branchMap":{}},"c:\\Users\\dkshi\\Documents\\Github\\CartoGraphX-VS-Extension\\out\\src\\cartographx.js":{"path":"c:\\Users\\dkshi\\Documents\\Github\\CartoGraphX-VS-Extension\\out\\src\\cartographx.js","s":{"1":1,"2":1,"3":1,"4":0,"5":1,"6":1,"7":0,"8":0,"9":0,"10":1,"11":0,"12":0,"13":0,"14":1,"15":1,"16":1,"17":1,"18":1,"19":1,"20":1,"21":1,"22":1,"23":1,"24":0,"25":0,"26":0,"27":0,"28":0,"29":0,"30":1,"31":1,"32":1,"33":1,"34":0,"35":0,"36":0,"37":0,"38":0,"39":0,"40":0,"41":0,"42":0,"43":1,"44":1,"45":0,"46":0,"47":0,"48":0,"49":0,"50":0,"51":0,"52":0,"53":0,"54":0,"55":0,"56":0,"57":1,"58":1,"59":1,"60":1,"61":1},"b":{"1":[1,1,1],"2":[1,0],"3":[1,1],"4":[0,1],"5":[1,1],"6":[0,0],"7":[0,0],"8":[0,0],"9":[0,0],"10":[0,0],"11":[0,0],"12":[0,0],"13":[0,0],"14":[0,0],"15":[0,0],"16":[0,0]},"f":{"1":1,"2":1,"3":0,"4":1,"5":0,"6":0,"7":1,"8":1,"9":1,"10":0,"11":0},"fnMap":{"1":{"name":"(anonymous_1)","line":2,"loc":{"start":{"line":2,"column":44},"end":{"line":2,"column":89}}},"2":{"name":"adopt","line":3,"loc":{"start":{"line":3,"column":4},"end":{"line":3,"column":26}}},"3":{"name":"(anonymous_3)","line":3,"loc":{"start":{"line":3,"column":70},"end":{"line":3,"column":89}}},"4":{"name":"(anonymous_4)","line":4,"loc":{"start":{"line":4,"column":36},"end":{"line":4,"column":63}}},"5":{"name":"fulfilled","line":5,"loc":{"start":{"line":5,"column":8},"end":{"line":5,"column":34}}},"6":{"name":"rejected","line":6,"loc":{"start":{"line":6,"column":8},"end":{"line":6,"column":33}}},"7":{"name":"step","line":7,"loc":{"start":{"line":7,"column":8},"end":{"line":7,"column":30}}},"8":{"name":"createMapFunction","line":30,"loc":{"start":{"line":30,"column":0},"end":{"line":30,"column":29}}},"9":{"name":"(anonymous_9)","line":32,"loc":{"start":{"line":32,"column":43},"end":{"line":32,"column":56}}},"10":{"name":"loadMapFunction","line":55,"loc":{"start":{"line":55,"column":0},"end":{"line":55,"column":27}}},"11":{"name":"(anonymous_11)","line":57,"loc":{"start":{"line":57,"column":43},"end":{"line":57,"column":56}}}},"statementMap":{"1":{"start":{"line":2,"column":0},"end":{"line":10,"column":2}},"2":{"start":{"line":3,"column":4},"end":{"line":3,"column":112}},"3":{"start":{"line":3,"column":28},"end":{"line":3,"column":110}},"4":{"start":{"line":3,"column":91},"end":{"line":3,"column":106}},"5":{"start":{"line":4,"column":4},"end":{"line":9,"column":7}},"6":{"start":{"line":5,"column":8},"end":{"line":5,"column":99}},"7":{"start":{"line":5,"column":36},"end":{"line":5,"column":97}},"8":{"start":{"line":5,"column":42},"end":{"line":5,"column":70}},"9":{"start":{"line":5,"column":85},"end":{"line":5,"column":95}},"10":{"start":{"line":6,"column":8},"end":{"line":6,"column":102}},"11":{"start":{"line":6,"column":35},"end":{"line":6,"column":100}},"12":{"start":{"line":6,"column":41},"end":{"line":6,"column":73}},"13":{"start":{"line":6,"column":88},"end":{"line":6,"column":98}},"14":{"start":{"line":7,"column":8},"end":{"line":7,"column":118}},"15":{"start":{"line":7,"column":32},"end":{"line":7,"column":116}},"16":{"start":{"line":8,"column":8},"end":{"line":8,"column":78}},"17":{"start":{"line":11,"column":0},"end":{"line":11,"column":62}},"18":{"start":{"line":12,"column":0},"end":{"line":12,"column":33}},"19":{"start":{"line":13,"column":0},"end":{"line":13,"column":31}},"20":{"start":{"line":14,"column":0},"end":{"line":14,"column":33}},"21":{"start":{"line":15,"column":0},"end":{"line":15,"column":39}},"22":{"start":{"line":16,"column":0},"end":{"line":16,"column":24}},"23":{"start":{"line":20,"column":0},"end":{"line":26,"column":2}},"24":{"start":{"line":21,"column":4},"end":{"line":21,"column":96}},"25":{"start":{"line":22,"column":4},"end":{"line":22,"column":112}},"26":{"start":{"line":22,"column":69},"end":{"line":22,"column":110}},"27":{"start":{"line":23,"column":4},"end":{"line":23,"column":96}},"28":{"start":{"line":23,"column":74},"end":{"line":23,"column":94}},"29":{"start":{"line":25,"column":4},"end":{"line":25,"column":140}},"30":{"start":{"line":30,"column":0},"end":{"line":50,"column":1}},"31":{"start":{"line":31,"column":4},"end":{"line":31,"column":11}},"32":{"start":{"line":32,"column":4},"end":{"line":49,"column":7}},"33":{"start":{"line":33,"column":8},"end":{"line":33,"column":86}},"34":{"start":{"line":34,"column":8},"end":{"line":48,"column":9}},"35":{"start":{"line":35,"column":12},"end":{"line":35,"column":41}},"36":{"start":{"line":36,"column":12},"end":{"line":36,"column":108}},"37":{"start":{"line":37,"column":12},"end":{"line":44,"column":13}},"38":{"start":{"line":38,"column":16},"end":{"line":40,"column":19}},"39":{"start":{"line":39,"column":20},"end":{"line":39,"column":45}},"40":{"start":{"line":41,"column":16},"end":{"line":43,"column":19}},"41":{"start":{"line":42,"column":20},"end":{"line":42,"column":96}},"42":{"start":{"line":47,"column":12},"end":{"line":47,"column":71}},"43":{"start":{"line":51,"column":0},"end":{"line":51,"column":46}},"44":{"start":{"line":55,"column":0},"end":{"line":75,"column":1}},"45":{"start":{"line":56,"column":4},"end":{"line":56,"column":11}},"46":{"start":{"line":57,"column":4},"end":{"line":74,"column":7}},"47":{"start":{"line":58,"column":8},"end":{"line":58,"column":90}},"48":{"start":{"line":59,"column":8},"end":{"line":73,"column":9}},"49":{"start":{"line":60,"column":12},"end":{"line":60,"column":108}},"50":{"start":{"line":61,"column":12},"end":{"line":69,"column":13}},"51":{"start":{"line":62,"column":16},"end":{"line":65,"column":19}},"52":{"start":{"line":63,"column":20},"end":{"line":63,"column":42}},"53":{"start":{"line":64,"column":20},"end":{"line":64,"column":53}},"54":{"start":{"line":66,"column":16},"end":{"line":68,"column":19}},"55":{"start":{"line":67,"column":20},"end":{"line":67,"column":96}},"56":{"start":{"line":72,"column":12},"end":{"line":72,"column":69}},"57":{"start":{"line":76,"column":0},"end":{"line":76,"column":42}},"58":{"start":{"line":77,"column":0},"end":{"line":77,"column":75}},"59":{"start":{"line":78,"column":0},"end":{"line":78,"column":60}},"60":{"start":{"line":79,"column":0},"end":{"line":79,"column":49}},"61":{"start":{"line":80,"column":0},"end":{"line":80,"column":46}}},"branchMap":{"1":{"line":2,"type":"binary-expr","locations":[{"start":{"line":2,"column":17},"end":{"line":2,"column":21}},{"start":{"line":2,"column":25},"end":{"line":2,"column":39}},{"start":{"line":2,"column":44},"end":{"line":10,"column":1}}]},"2":{"line":3,"type":"cond-expr","locations":[{"start":{"line":3,"column":56},"end":{"line":3,"column":61}},{"start":{"line":3,"column":64},"end":{"line":3,"column":109}}]},"3":{"line":4,"type":"binary-expr","locations":[{"start":{"line":4,"column":16},"end":{"line":4,"column":17}},{"start":{"line":4,"column":22},"end":{"line":4,"column":33}}]},"4":{"line":7,"type":"cond-expr","locations":[{"start":{"line":7,"column":46},"end":{"line":7,"column":67}},{"start":{"line":7,"column":70},"end":{"line":7,"column":115}}]},"5":{"line":8,"type":"binary-expr","locations":[{"start":{"line":8,"column":51},"end":{"line":8,"column":61}},{"start":{"line":8,"column":65},"end":{"line":8,"column":67}}]},"6":{"line":21,"type":"cond-expr","locations":[{"start":{"line":21,"column":65},"end":{"line":21,"column":90}},{"start":{"line":21,"column":93},"end":{"line":21,"column":95}}]},"7":{"line":34,"type":"if","locations":[{"start":{"line":34,"column":8},"end":{"line":34,"column":8}},{"start":{"line":34,"column":8},"end":{"line":34,"column":8}}]},"8":{"line":34,"type":"binary-expr","locations":[{"start":{"line":34,"column":12},"end":{"line":34,"column":26}},{"start":{"line":34,"column":30},"end":{"line":34,"column":51}}]},"9":{"line":36,"type":"cond-expr","locations":[{"start":{"line":36,"column":83},"end":{"line":36,"column":89}},{"start":{"line":36,"column":92},"end":{"line":36,"column":107}}]},"10":{"line":36,"type":"binary-expr","locations":[{"start":{"line":36,"column":24},"end":{"line":36,"column":63}},{"start":{"line":36,"column":67},"end":{"line":36,"column":80}}]},"11":{"line":37,"type":"if","locations":[{"start":{"line":37,"column":12},"end":{"line":37,"column":12}},{"start":{"line":37,"column":12},"end":{"line":37,"column":12}}]},"12":{"line":59,"type":"if","locations":[{"start":{"line":59,"column":8},"end":{"line":59,"column":8}},{"start":{"line":59,"column":8},"end":{"line":59,"column":8}}]},"13":{"line":59,"type":"binary-expr","locations":[{"start":{"line":59,"column":12},"end":{"line":59,"column":24}},{"start":{"line":59,"column":28},"end":{"line":59,"column":47}}]},"14":{"line":60,"type":"cond-expr","locations":[{"start":{"line":60,"column":83},"end":{"line":60,"column":89}},{"start":{"line":60,"column":92},"end":{"line":60,"column":107}}]},"15":{"line":60,"type":"binary-expr","locations":[{"start":{"line":60,"column":24},"end":{"line":60,"column":63}},{"start":{"line":60,"column":67},"end":{"line":60,"column":80}}]},"16":{"line":61,"type":"if","locations":[{"start":{"line":61,"column":12},"end":{"line":61,"column":12}},{"start":{"line":61,"column":12},"end":{"line":61,"column":12}}]}}},"c:\\Users\\dkshi\\Documents\\Github\\CartoGraphX-VS-Extension\\out\\src\\git.js":{"path":"c:\\Users\\dkshi\\Documents\\Github\\CartoGraphX-VS-Extension\\out\\src\\git.js","s":{"1":1,"2":1,"3":6,"4":0,"5":5,"6":1,"7":6,"8":6,"9":0,"10":1,"11":0,"12":0,"13":0,"14":1,"15":11,"16":5,"17":1,"18":1,"19":1,"20":1,"21":1,"22":1,"23":1,"24":1,"25":1,"26":1,"27":1,"28":1,"29":1,"30":1,"31":1,"32":1,"33":1,"34":1,"35":0,"36":0,"37":1,"38":1,"39":1,"40":1,"41":0,"42":0,"43":1,"44":1,"45":1,"46":1,"47":1,"48":1,"49":1,"50":1,"51":2,"52":2,"53":2,"54":2,"55":1,"56":1,"57":1,"58":1,"59":1,"60":1,"61":1,"62":1,"63":1,"64":1,"65":38,"66":38,"67":38,"68":38,"69":3,"70":38,"71":1,"72":1,"73":0,"74":0,"75":0,"76":0,"77":0,"78":0,"79":0,"80":0,"81":0,"82":0,"83":0,"84":0,"85":0,"86":0,"87":0,"88":0,"89":0,"90":0,"91":0,"92":0,"93":0,"94":1,"95":1,"96":0,"97":1},"b":{"1":[1,1,1],"2":[6,0],"3":[5,5],"4":[5,6],"5":[5,5],"6":[1,0],"7":[3,35],"8":[0,0],"9":[0,0]},"f":{"1":5,"2":6,"3":0,"4":5,"5":6,"6":0,"7":11,"8":1,"9":1,"10":0,"11":0,"12":1,"13":1,"14":2,"15":2,"16":1,"17":1,"18":0,"19":0,"20":0,"21":0},"fnMap":{"1":{"name":"(anonymous_1)","line":2,"loc":{"start":{"line":2,"column":44},"end":{"line":2,"column":89}}},"2":{"name":"adopt","line":3,"loc":{"start":{"line":3,"column":4},"end":{"line":3,"column":26}}},"3":{"name":"(anonymous_3)","line":3,"loc":{"start":{"line":3,"column":70},"end":{"line":3,"column":89}}},"4":{"name":"(anonymous_4)","line":4,"loc":{"start":{"line":4,"column":36},"end":{"line":4,"column":63}}},"5":{"name":"fulfilled","line":5,"loc":{"start":{"line":5,"column":8},"end":{"line":5,"column":34}}},"6":{"name":"rejected","line":6,"loc":{"start":{"line":6,"column":8},"end":{"line":6,"column":33}}},"7":{"name":"step","line":7,"loc":{"start":{"line":7,"column":8},"end":{"line":7,"column":30}}},"8":{"name":"findGitRoot","line":29,"loc":{"start":{"line":29,"column":0},"end":{"line":29,"column":23}}},"9":{"name":"(anonymous_9)","line":30,"loc":{"start":{"line":30,"column":43},"end":{"line":30,"column":56}}},"10":{"name":"fetchRemoteGit","line":48,"loc":{"start":{"line":48,"column":0},"end":{"line":48,"column":26}}},"11":{"name":"(anonymous_11)","line":49,"loc":{"start":{"line":49,"column":43},"end":{"line":49,"column":56}}},"12":{"name":"findGitFiles","line":58,"loc":{"start":{"line":58,"column":0},"end":{"line":58,"column":24}}},"13":{"name":"(anonymous_13)","line":59,"loc":{"start":{"line":59,"column":43},"end":{"line":59,"column":56}}},"14":{"name":"findGitUrl","line":70,"loc":{"start":{"line":70,"column":0},"end":{"line":70,"column":22}}},"15":{"name":"(anonymous_15)","line":71,"loc":{"start":{"line":71,"column":43},"end":{"line":71,"column":56}}},"16":{"name":"findGitFileLines","line":83,"loc":{"start":{"line":83,"column":0},"end":{"line":83,"column":28}}},"17":{"name":"(anonymous_17)","line":84,"loc":{"start":{"line":84,"column":43},"end":{"line":84,"column":56}}},"18":{"name":"sendGitData","line":111,"loc":{"start":{"line":111,"column":0},"end":{"line":111,"column":28}}},"19":{"name":"(anonymous_19)","line":112,"loc":{"start":{"line":112,"column":43},"end":{"line":112,"column":56}}},"20":{"name":"(anonymous_20)","line":123,"loc":{"start":{"line":123,"column":33},"end":{"line":123,"column":45}}},"21":{"name":"setMapID","line":145,"loc":{"start":{"line":145,"column":0},"end":{"line":145,"column":22}}}},"statementMap":{"1":{"start":{"line":2,"column":0},"end":{"line":10,"column":2}},"2":{"start":{"line":3,"column":4},"end":{"line":3,"column":112}},"3":{"start":{"line":3,"column":28},"end":{"line":3,"column":110}},"4":{"start":{"line":3,"column":91},"end":{"line":3,"column":106}},"5":{"start":{"line":4,"column":4},"end":{"line":9,"column":7}},"6":{"start":{"line":5,"column":8},"end":{"line":5,"column":99}},"7":{"start":{"line":5,"column":36},"end":{"line":5,"column":97}},"8":{"start":{"line":5,"column":42},"end":{"line":5,"column":70}},"9":{"start":{"line":5,"column":85},"end":{"line":5,"column":95}},"10":{"start":{"line":6,"column":8},"end":{"line":6,"column":102}},"11":{"start":{"line":6,"column":35},"end":{"line":6,"column":100}},"12":{"start":{"line":6,"column":41},"end":{"line":6,"column":73}},"13":{"start":{"line":6,"column":88},"end":{"line":6,"column":98}},"14":{"start":{"line":7,"column":8},"end":{"line":7,"column":118}},"15":{"start":{"line":7,"column":32},"end":{"line":7,"column":116}},"16":{"start":{"line":8,"column":8},"end":{"line":8,"column":78}},"17":{"start":{"line":11,"column":0},"end":{"line":11,"column":62}},"18":{"start":{"line":12,"column":0},"end":{"line":12,"column":33}},"19":{"start":{"line":13,"column":0},"end":{"line":13,"column":48}},"20":{"start":{"line":14,"column":0},"end":{"line":14,"column":57}},"21":{"start":{"line":15,"column":0},"end":{"line":15,"column":47}},"22":{"start":{"line":16,"column":0},"end":{"line":16,"column":39}},"23":{"start":{"line":18,"column":0},"end":{"line":18,"column":21}},"24":{"start":{"line":19,"column":0},"end":{"line":19,"column":27}},"25":{"start":{"line":20,"column":0},"end":{"line":20,"column":20}},"26":{"start":{"line":21,"column":0},"end":{"line":21,"column":22}},"27":{"start":{"line":22,"column":0},"end":{"line":22,"column":26}},"28":{"start":{"line":23,"column":0},"end":{"line":23,"column":47}},"29":{"start":{"line":24,"column":0},"end":{"line":24,"column":44}},"30":{"start":{"line":25,"column":0},"end":{"line":25,"column":19}},"31":{"start":{"line":29,"column":0},"end":{"line":43,"column":1}},"32":{"start":{"line":30,"column":4},"end":{"line":42,"column":7}},"33":{"start":{"line":31,"column":8},"end":{"line":38,"column":9}},"34":{"start":{"line":32,"column":12},"end":{"line":32,"column":78}},"35":{"start":{"line":36,"column":12},"end":{"line":36,"column":105}},"36":{"start":{"line":37,"column":12},"end":{"line":37,"column":33}},"37":{"start":{"line":39,"column":8},"end":{"line":41,"column":9}},"38":{"start":{"line":40,"column":12},"end":{"line":40,"column":105}},"39":{"start":{"line":44,"column":0},"end":{"line":44,"column":34}},"40":{"start":{"line":48,"column":0},"end":{"line":53,"column":1}},"41":{"start":{"line":49,"column":4},"end":{"line":52,"column":7}},"42":{"start":{"line":50,"column":8},"end":{"line":50,"column":67}},"43":{"start":{"line":54,"column":0},"end":{"line":54,"column":40}},"44":{"start":{"line":58,"column":0},"end":{"line":65,"column":1}},"45":{"start":{"line":59,"column":4},"end":{"line":64,"column":7}},"46":{"start":{"line":60,"column":8},"end":{"line":60,"column":113}},"47":{"start":{"line":61,"column":8},"end":{"line":61,"column":53}},"48":{"start":{"line":62,"column":8},"end":{"line":62,"column":36}},"49":{"start":{"line":66,"column":0},"end":{"line":66,"column":36}},"50":{"start":{"line":70,"column":0},"end":{"line":78,"column":1}},"51":{"start":{"line":71,"column":4},"end":{"line":77,"column":7}},"52":{"start":{"line":72,"column":8},"end":{"line":72,"column":89}},"53":{"start":{"line":73,"column":8},"end":{"line":73,"column":55}},"54":{"start":{"line":74,"column":8},"end":{"line":74,"column":83}},"55":{"start":{"line":79,"column":0},"end":{"line":79,"column":32}},"56":{"start":{"line":83,"column":0},"end":{"line":104,"column":1}},"57":{"start":{"line":84,"column":4},"end":{"line":103,"column":7}},"58":{"start":{"line":86,"column":8},"end":{"line":86,"column":94}},"59":{"start":{"line":87,"column":8},"end":{"line":87,"column":53}},"60":{"start":{"line":89,"column":8},"end":{"line":89,"column":97}},"61":{"start":{"line":90,"column":8},"end":{"line":90,"column":40}},"62":{"start":{"line":91,"column":8},"end":{"line":91,"column":23}},"63":{"start":{"line":92,"column":8},"end":{"line":92,"column":23}},"64":{"start":{"line":93,"column":8},"end":{"line":101,"column":9}},"65":{"start":{"line":94,"column":12},"end":{"line":94,"column":49}},"66":{"start":{"line":95,"column":12},"end":{"line":95,"column":40}},"67":{"start":{"line":96,"column":12},"end":{"line":96,"column":54}},"68":{"start":{"line":97,"column":12},"end":{"line":99,"column":13}},"69":{"start":{"line":98,"column":16},"end":{"line":98,"column":47}},"70":{"start":{"line":100,"column":12},"end":{"line":100,"column":44}},"71":{"start":{"line":105,"column":0},"end":{"line":105,"column":44}},"72":{"start":{"line":111,"column":0},"end":{"line":139,"column":1}},"73":{"start":{"line":112,"column":4},"end":{"line":138,"column":7}},"74":{"start":{"line":113,"column":8},"end":{"line":113,"column":25}},"75":{"start":{"line":114,"column":8},"end":{"line":114,"column":26}},"76":{"start":{"line":115,"column":8},"end":{"line":115,"column":55}},"77":{"start":{"line":116,"column":8},"end":{"line":116,"column":55}},"78":{"start":{"line":117,"column":8},"end":{"line":117,"column":52}},"79":{"start":{"line":118,"column":8},"end":{"line":118,"column":65}},"80":{"start":{"line":119,"column":8},"end":{"line":119,"column":59}},"81":{"start":{"line":120,"column":8},"end":{"line":120,"column":101}},"82":{"start":{"line":121,"column":8},"end":{"line":121,"column":47}},"83":{"start":{"line":122,"column":8},"end":{"line":122,"column":65}},"84":{"start":{"line":123,"column":8},"end":{"line":135,"column":10}},"85":{"start":{"line":124,"column":12},"end":{"line":134,"column":13}},"86":{"start":{"line":125,"column":16},"end":{"line":133,"column":17}},"87":{"start":{"line":126,"column":20},"end":{"line":126,"column":60}},"88":{"start":{"line":127,"column":20},"end":{"line":127,"column":105}},"89":{"start":{"line":128,"column":20},"end":{"line":128,"column":53}},"90":{"start":{"line":129,"column":20},"end":{"line":129,"column":61}},"91":{"start":{"line":132,"column":20},"end":{"line":132,"column":94}},"92":{"start":{"line":136,"column":8},"end":{"line":136,"column":45}},"93":{"start":{"line":137,"column":8},"end":{"line":137,"column":42}},"94":{"start":{"line":140,"column":0},"end":{"line":140,"column":34}},"95":{"start":{"line":145,"column":0},"end":{"line":147,"column":1}},"96":{"start":{"line":146,"column":4},"end":{"line":146,"column":23}},"97":{"start":{"line":148,"column":0},"end":{"line":148,"column":28}}},"branchMap":{"1":{"line":2,"type":"binary-expr","locations":[{"start":{"line":2,"column":17},"end":{"line":2,"column":21}},{"start":{"line":2,"column":25},"end":{"line":2,"column":39}},{"start":{"line":2,"column":44},"end":{"line":10,"column":1}}]},"2":{"line":3,"type":"cond-expr","locations":[{"start":{"line":3,"column":56},"end":{"line":3,"column":61}},{"start":{"line":3,"column":64},"end":{"line":3,"column":109}}]},"3":{"line":4,"type":"binary-expr","locations":[{"start":{"line":4,"column":16},"end":{"line":4,"column":17}},{"start":{"line":4,"column":22},"end":{"line":4,"column":33}}]},"4":{"line":7,"type":"cond-expr","locations":[{"start":{"line":7,"column":46},"end":{"line":7,"column":67}},{"start":{"line":7,"column":70},"end":{"line":7,"column":115}}]},"5":{"line":8,"type":"binary-expr","locations":[{"start":{"line":8,"column":51},"end":{"line":8,"column":61}},{"start":{"line":8,"column":65},"end":{"line":8,"column":67}}]},"6":{"line":39,"type":"if","locations":[{"start":{"line":39,"column":8},"end":{"line":39,"column":8}},{"start":{"line":39,"column":8},"end":{"line":39,"column":8}}]},"7":{"line":97,"type":"if","locations":[{"start":{"line":97,"column":12},"end":{"line":97,"column":12}},{"start":{"line":97,"column":12},"end":{"line":97,"column":12}}]},"8":{"line":124,"type":"if","locations":[{"start":{"line":124,"column":12},"end":{"line":124,"column":12}},{"start":{"line":124,"column":12},"end":{"line":124,"column":12}}]},"9":{"line":125,"type":"if","locations":[{"start":{"line":125,"column":16},"end":{"line":125,"column":16}},{"start":{"line":125,"column":16},"end":{"line":125,"column":16}}]}}},"c:\\Users\\dkshi\\Documents\\Github\\CartoGraphX-VS-Extension\\out\\src\\webview.js":{"path":"c:\\Users\\dkshi\\Documents\\Github\\CartoGraphX-VS-Extension\\out\\src\\webview.js","s":{"1":1,"2":1,"3":0,"4":0,"5":0,"6":1,"7":0,"8":0,"9":0,"10":1,"11":0,"12":0,"13":0,"14":1,"15":0,"16":0,"17":1,"18":1,"19":1,"20":1,"21":0,"22":0,"23":0,"24":0,"25":0,"26":0,"27":0,"28":1},"b":{"1":[1,1,1],"2":[0,0],"3":[0,0],"4":[0,0],"5":[0,0]},"f":{"1":0,"2":0,"3":0,"4":0,"5":0,"6":0,"7":0,"8":0,"9":0},"fnMap":{"1":{"name":"(anonymous_1)","line":2,"loc":{"start":{"line":2,"column":44},"end":{"line":2,"column":89}}},"2":{"name":"adopt","line":3,"loc":{"start":{"line":3,"column":4},"end":{"line":3,"column":26}}},"3":{"name":"(anonymous_3)","line":3,"loc":{"start":{"line":3,"column":70},"end":{"line":3,"column":89}}},"4":{"name":"(anonymous_4)","line":4,"loc":{"start":{"line":4,"column":36},"end":{"line":4,"column":63}}},"5":{"name":"fulfilled","line":5,"loc":{"start":{"line":5,"column":8},"end":{"line":5,"column":34}}},"6":{"name":"rejected","line":6,"loc":{"start":{"line":6,"column":8},"end":{"line":6,"column":33}}},"7":{"name":"step","line":7,"loc":{"start":{"line":7,"column":8},"end":{"line":7,"column":30}}},"8":{"name":"generateWebview","line":18,"loc":{"start":{"line":18,"column":0},"end":{"line":18,"column":32}}},"9":{"name":"(anonymous_9)","line":19,"loc":{"start":{"line":19,"column":43},"end":{"line":19,"column":56}}}},"statementMap":{"1":{"start":{"line":2,"column":0},"end":{"line":10,"column":2}},"2":{"start":{"line":3,"column":4},"end":{"line":3,"column":112}},"3":{"start":{"line":3,"column":28},"end":{"line":3,"column":110}},"4":{"start":{"line":3,"column":91},"end":{"line":3,"column":106}},"5":{"start":{"line":4,"column":4},"end":{"line":9,"column":7}},"6":{"start":{"line":5,"column":8},"end":{"line":5,"column":99}},"7":{"start":{"line":5,"column":36},"end":{"line":5,"column":97}},"8":{"start":{"line":5,"column":42},"end":{"line":5,"column":70}},"9":{"start":{"line":5,"column":85},"end":{"line":5,"column":95}},"10":{"start":{"line":6,"column":8},"end":{"line":6,"column":102}},"11":{"start":{"line":6,"column":35},"end":{"line":6,"column":100}},"12":{"start":{"line":6,"column":41},"end":{"line":6,"column":73}},"13":{"start":{"line":6,"column":88},"end":{"line":6,"column":98}},"14":{"start":{"line":7,"column":8},"end":{"line":7,"column":118}},"15":{"start":{"line":7,"column":32},"end":{"line":7,"column":116}},"16":{"start":{"line":8,"column":8},"end":{"line":8,"column":78}},"17":{"start":{"line":11,"column":0},"end":{"line":11,"column":62}},"18":{"start":{"line":12,"column":0},"end":{"line":12,"column":33}},"19":{"start":{"line":13,"column":0},"end":{"line":13,"column":31}},"20":{"start":{"line":18,"column":0},"end":{"line":30,"column":1}},"21":{"start":{"line":19,"column":4},"end":{"line":29,"column":7}},"22":{"start":{"line":20,"column":8},"end":{"line":23,"column":11}},"23":{"start":{"line":24,"column":8},"end":{"line":24,"column":139}},"24":{"start":{"line":25,"column":8},"end":{"line":25,"column":44}},"25":{"start":{"line":26,"column":8},"end":{"line":26,"column":52}},"26":{"start":{"line":27,"column":8},"end":{"line":27,"column":85}},"27":{"start":{"line":28,"column":8},"end":{"line":28,"column":40}},"28":{"start":{"line":31,"column":0},"end":{"line":31,"column":42}}},"branchMap":{"1":{"line":2,"type":"binary-expr","locations":[{"start":{"line":2,"column":17},"end":{"line":2,"column":21}},{"start":{"line":2,"column":25},"end":{"line":2,"column":39}},{"start":{"line":2,"column":44},"end":{"line":10,"column":1}}]},"2":{"line":3,"type":"cond-expr","locations":[{"start":{"line":3,"column":56},"end":{"line":3,"column":61}},{"start":{"line":3,"column":64},"end":{"line":3,"column":109}}]},"3":{"line":4,"type":"binary-expr","locations":[{"start":{"line":4,"column":16},"end":{"line":4,"column":17}},{"start":{"line":4,"column":22},"end":{"line":4,"column":33}}]},"4":{"line":7,"type":"cond-expr","locations":[{"start":{"line":7,"column":46},"end":{"line":7,"column":67}},{"start":{"line":7,"column":70},"end":{"line":7,"column":115}}]},"5":{"line":8,"type":"binary-expr","locations":[{"start":{"line":8,"column":51},"end":{"line":8,"column":61}},{"start":{"line":8,"column":65},"end":{"line":8,"column":67}}]}}},"c:\\Users\\dkshi\\Documents\\Github\\CartoGraphX-VS-Extension\\out\\src\\main.js":{"path":"c:\\Users\\dkshi\\Documents\\Github\\CartoGraphX-VS-Extension\\out\\src\\main.js","s":{"1":1,"2":1,"3":0,"4":0,"5":0,"6":1,"7":0,"8":0,"9":0,"10":1,"11":0,"12":0,"13":0,"14":1,"15":0,"16":0,"17":1,"18":1,"19":1,"20":1,"21":1,"22":1,"23":1,"24":1,"25":1,"26":0,"27":1,"28":1,"29":0,"30":0,"31":0,"32":0,"33":0,"34":0,"35":0,"36":0,"37":0,"38":0,"39":0,"40":0,"41":0,"42":0,"43":0,"44":0,"45":0,"46":0,"47":0,"48":0,"49":0,"50":0,"51":0,"52":0,"53":1,"54":1,"55":1},"b":{"1":[1,1,1],"2":[0,0],"3":[0,0],"4":[0,0],"5":[0,0],"6":[0,1],"7":[0,0],"8":[0,0],"9":[0,0],"10":[0,0],"11":[0,0],"12":[0,0],"13":[0,0]},"f":{"1":0,"2":0,"3":0,"4":0,"5":0,"6":0,"7":0,"8":0,"9":0,"10":0},"fnMap":{"1":{"name":"(anonymous_1)","line":2,"loc":{"start":{"line":2,"column":44},"end":{"line":2,"column":89}}},"2":{"name":"adopt","line":3,"loc":{"start":{"line":3,"column":4},"end":{"line":3,"column":26}}},"3":{"name":"(anonymous_3)","line":3,"loc":{"start":{"line":3,"column":70},"end":{"line":3,"column":89}}},"4":{"name":"(anonymous_4)","line":4,"loc":{"start":{"line":4,"column":36},"end":{"line":4,"column":63}}},"5":{"name":"fulfilled","line":5,"loc":{"start":{"line":5,"column":8},"end":{"line":5,"column":34}}},"6":{"name":"rejected","line":6,"loc":{"start":{"line":6,"column":8},"end":{"line":6,"column":33}}},"7":{"name":"step","line":7,"loc":{"start":{"line":7,"column":8},"end":{"line":7,"column":30}}},"8":{"name":"activate","line":30,"loc":{"start":{"line":30,"column":0},"end":{"line":30,"column":27}}},"9":{"name":"(anonymous_9)","line":39,"loc":{"start":{"line":39,"column":122},"end":{"line":39,"column":135}}},"10":{"name":"deactivate","line":91,"loc":{"start":{"line":91,"column":0},"end":{"line":91,"column":22}}}},"statementMap":{"1":{"start":{"line":2,"column":0},"end":{"line":10,"column":2}},"2":{"start":{"line":3,"column":4},"end":{"line":3,"column":112}},"3":{"start":{"line":3,"column":28},"end":{"line":3,"column":110}},"4":{"start":{"line":3,"column":91},"end":{"line":3,"column":106}},"5":{"start":{"line":4,"column":4},"end":{"line":9,"column":7}},"6":{"start":{"line":5,"column":8},"end":{"line":5,"column":99}},"7":{"start":{"line":5,"column":36},"end":{"line":5,"column":97}},"8":{"start":{"line":5,"column":42},"end":{"line":5,"column":70}},"9":{"start":{"line":5,"column":85},"end":{"line":5,"column":95}},"10":{"start":{"line":6,"column":8},"end":{"line":6,"column":102}},"11":{"start":{"line":6,"column":35},"end":{"line":6,"column":100}},"12":{"start":{"line":6,"column":41},"end":{"line":6,"column":73}},"13":{"start":{"line":6,"column":88},"end":{"line":6,"column":98}},"14":{"start":{"line":7,"column":8},"end":{"line":7,"column":118}},"15":{"start":{"line":7,"column":32},"end":{"line":7,"column":116}},"16":{"start":{"line":8,"column":8},"end":{"line":8,"column":78}},"17":{"start":{"line":11,"column":0},"end":{"line":11,"column":62}},"18":{"start":{"line":13,"column":0},"end":{"line":13,"column":37}},"19":{"start":{"line":14,"column":0},"end":{"line":14,"column":33}},"20":{"start":{"line":15,"column":0},"end":{"line":15,"column":33}},"21":{"start":{"line":16,"column":0},"end":{"line":16,"column":47}},"22":{"start":{"line":17,"column":0},"end":{"line":17,"column":37}},"23":{"start":{"line":18,"column":0},"end":{"line":18,"column":37}},"24":{"start":{"line":19,"column":0},"end":{"line":19,"column":31}},"25":{"start":{"line":21,"column":0},"end":{"line":23,"column":1}},"26":{"start":{"line":22,"column":4},"end":{"line":22,"column":52}},"27":{"start":{"line":24,"column":0},"end":{"line":24,"column":31}},"28":{"start":{"line":30,"column":0},"end":{"line":87,"column":1}},"29":{"start":{"line":31,"column":4},"end":{"line":31,"column":24}},"30":{"start":{"line":32,"column":4},"end":{"line":32,"column":27}},"31":{"start":{"line":33,"column":4},"end":{"line":33,"column":25}},"32":{"start":{"line":34,"column":4},"end":{"line":34,"column":23}},"33":{"start":{"line":35,"column":4},"end":{"line":35,"column":29}},"34":{"start":{"line":36,"column":4},"end":{"line":36,"column":71}},"35":{"start":{"line":37,"column":4},"end":{"line":37,"column":39}},"36":{"start":{"line":39,"column":4},"end":{"line":59,"column":8}},"37":{"start":{"line":39,"column":90},"end":{"line":59,"column":6}},"38":{"start":{"line":40,"column":8},"end":{"line":58,"column":9}},"39":{"start":{"line":41,"column":12},"end":{"line":49,"column":15}},"40":{"start":{"line":48,"column":16},"end":{"line":48,"column":92}},"41":{"start":{"line":52,"column":12},"end":{"line":57,"column":15}},"42":{"start":{"line":56,"column":16},"end":{"line":56,"column":92}},"43":{"start":{"line":60,"column":4},"end":{"line":60,"column":43}},"44":{"start":{"line":62,"column":4},"end":{"line":86,"column":7}},"45":{"start":{"line":63,"column":8},"end":{"line":84,"column":9}},"46":{"start":{"line":64,"column":12},"end":{"line":64,"column":59}},"47":{"start":{"line":67,"column":12},"end":{"line":83,"column":13}},"48":{"start":{"line":68,"column":16},"end":{"line":68,"column":60}},"49":{"start":{"line":78,"column":16},"end":{"line":78,"column":51}},"50":{"start":{"line":81,"column":16},"end":{"line":81,"column":63}},"51":{"start":{"line":82,"column":16},"end":{"line":82,"column":85}},"52":{"start":{"line":85,"column":8},"end":{"line":85,"column":59}},"53":{"start":{"line":88,"column":0},"end":{"line":88,"column":28}},"54":{"start":{"line":91,"column":0},"end":{"line":91,"column":25}},"55":{"start":{"line":92,"column":0},"end":{"line":92,"column":32}}},"branchMap":{"1":{"line":2,"type":"binary-expr","locations":[{"start":{"line":2,"column":17},"end":{"line":2,"column":21}},{"start":{"line":2,"column":25},"end":{"line":2,"column":39}},{"start":{"line":2,"column":44},"end":{"line":10,"column":1}}]},"2":{"line":3,"type":"cond-expr","locations":[{"start":{"line":3,"column":56},"end":{"line":3,"column":61}},{"start":{"line":3,"column":64},"end":{"line":3,"column":109}}]},"3":{"line":4,"type":"binary-expr","locations":[{"start":{"line":4,"column":16},"end":{"line":4,"column":17}},{"start":{"line":4,"column":22},"end":{"line":4,"column":33}}]},"4":{"line":7,"type":"cond-expr","locations":[{"start":{"line":7,"column":46},"end":{"line":7,"column":67}},{"start":{"line":7,"column":70},"end":{"line":7,"column":115}}]},"5":{"line":8,"type":"binary-expr","locations":[{"start":{"line":8,"column":51},"end":{"line":8,"column":61}},{"start":{"line":8,"column":65},"end":{"line":8,"column":67}}]},"6":{"line":21,"type":"if","locations":[{"start":{"line":21,"column":0},"end":{"line":21,"column":0}},{"start":{"line":21,"column":0},"end":{"line":21,"column":0}}]},"7":{"line":40,"type":"if","locations":[{"start":{"line":40,"column":8},"end":{"line":40,"column":8}},{"start":{"line":40,"column":8},"end":{"line":40,"column":8}}]},"8":{"line":48,"type":"cond-expr","locations":[{"start":{"line":48,"column":55},"end":{"line":48,"column":61}},{"start":{"line":48,"column":64},"end":{"line":48,"column":91}}]},"9":{"line":48,"type":"binary-expr","locations":[{"start":{"line":48,"column":16},"end":{"line":48,"column":31}},{"start":{"line":48,"column":35},"end":{"line":48,"column":52}}]},"10":{"line":56,"type":"cond-expr","locations":[{"start":{"line":56,"column":55},"end":{"line":56,"column":61}},{"start":{"line":56,"column":64},"end":{"line":56,"column":91}}]},"11":{"line":56,"type":"binary-expr","locations":[{"start":{"line":56,"column":16},"end":{"line":56,"column":31}},{"start":{"line":56,"column":35},"end":{"line":56,"column":52}}]},"12":{"line":63,"type":"if","locations":[{"start":{"line":63,"column":8},"end":{"line":63,"column":8}},{"start":{"line":63,"column":8},"end":{"line":63,"column":8}}]},"13":{"line":67,"type":"if","locations":[{"start":{"line":67,"column":12},"end":{"line":67,"column":12}},{"start":{"line":67,"column":12},"end":{"line":67,"column":12}}]}}},"c:\\Users\\dkshi\\Documents\\Github\\CartoGraphX-VS-Extension\\out\\src\\auth.js":{"path":"c:\\Users\\dkshi\\Documents\\Github\\CartoGraphX-VS-Extension\\out\\src\\auth.js","s":{"1":1,"2":1,"3":0,"4":0,"5":0,"6":1,"7":0,"8":0,"9":0,"10":1,"11":0,"12":0,"13":0,"14":1,"15":0,"16":0,"17":1,"18":1,"19":1,"20":0,"21":0,"22":0,"23":0,"24":0,"25":0,"26":0,"27":1,"28":0,"29":0,"30":0,"31":1,"32":0,"33":0,"34":1,"35":0,"36":0,"37":0,"38":0,"39":0,"40":0,"41":0},"b":{"1":[1,1,1],"2":[0,0],"3":[0,0],"4":[0,0],"5":[0,0],"6":[0,0],"7":[0,0],"8":[0,0],"9":[0,0],"10":[0,0],"11":[0,0],"12":[0,0],"13":[0,0],"14":[0,0],"15":[0,0]},"f":{"1":0,"2":0,"3":0,"4":0,"5":0,"6":0,"7":0,"8":0,"9":0},"fnMap":{"1":{"name":"(anonymous_1)","line":2,"loc":{"start":{"line":2,"column":44},"end":{"line":2,"column":89}}},"2":{"name":"adopt","line":3,"loc":{"start":{"line":3,"column":4},"end":{"line":3,"column":26}}},"3":{"name":"(anonymous_3)","line":3,"loc":{"start":{"line":3,"column":70},"end":{"line":3,"column":89}}},"4":{"name":"(anonymous_4)","line":4,"loc":{"start":{"line":4,"column":36},"end":{"line":4,"column":63}}},"5":{"name":"fulfilled","line":5,"loc":{"start":{"line":5,"column":8},"end":{"line":5,"column":34}}},"6":{"name":"rejected","line":6,"loc":{"start":{"line":6,"column":8},"end":{"line":6,"column":33}}},"7":{"name":"step","line":7,"loc":{"start":{"line":7,"column":8},"end":{"line":7,"column":30}}},"8":{"name":"(anonymous_8)","line":19,"loc":{"start":{"line":19,"column":61},"end":{"line":19,"column":74}}},"9":{"name":"(anonymous_9)","line":58,"loc":{"start":{"line":58,"column":61},"end":{"line":58,"column":74}}}},"statementMap":{"1":{"start":{"line":2,"column":0},"end":{"line":10,"column":2}},"2":{"start":{"line":3,"column":4},"end":{"line":3,"column":112}},"3":{"start":{"line":3,"column":28},"end":{"line":3,"column":110}},"4":{"start":{"line":3,"column":91},"end":{"line":3,"column":106}},"5":{"start":{"line":4,"column":4},"end":{"line":9,"column":7}},"6":{"start":{"line":5,"column":8},"end":{"line":5,"column":99}},"7":{"start":{"line":5,"column":36},"end":{"line":5,"column":97}},"8":{"start":{"line":5,"column":42},"end":{"line":5,"column":70}},"9":{"start":{"line":5,"column":85},"end":{"line":5,"column":95}},"10":{"start":{"line":6,"column":8},"end":{"line":6,"column":102}},"11":{"start":{"line":6,"column":35},"end":{"line":6,"column":100}},"12":{"start":{"line":6,"column":41},"end":{"line":6,"column":73}},"13":{"start":{"line":6,"column":88},"end":{"line":6,"column":98}},"14":{"start":{"line":7,"column":8},"end":{"line":7,"column":118}},"15":{"start":{"line":7,"column":32},"end":{"line":7,"column":116}},"16":{"start":{"line":8,"column":8},"end":{"line":8,"column":78}},"17":{"start":{"line":11,"column":0},"end":{"line":11,"column":62}},"18":{"start":{"line":12,"column":0},"end":{"line":12,"column":33}},"19":{"start":{"line":19,"column":0},"end":{"line":28,"column":3}},"20":{"start":{"line":19,"column":27},"end":{"line":28,"column":2}},"21":{"start":{"line":20,"column":4},"end":{"line":20,"column":77}},"22":{"start":{"line":21,"column":4},"end":{"line":21,"column":99}},"23":{"start":{"line":22,"column":4},"end":{"line":27,"column":7}},"24":{"start":{"line":24,"column":25},"end":{"line":24,"column":32}},"25":{"start":{"line":24,"column":33},"end":{"line":24,"column":193}},"26":{"start":{"line":26,"column":8},"end":{"line":26,"column":56}},"27":{"start":{"line":35,"column":0},"end":{"line":41,"column":2}},"28":{"start":{"line":36,"column":4},"end":{"line":40,"column":7}},"29":{"start":{"line":37,"column":23},"end":{"line":37,"column":101}},"30":{"start":{"line":39,"column":8},"end":{"line":39,"column":56}},"31":{"start":{"line":47,"column":0},"end":{"line":51,"column":2}},"32":{"start":{"line":48,"column":4},"end":{"line":48,"column":78}},"33":{"start":{"line":50,"column":4},"end":{"line":50,"column":122}},"34":{"start":{"line":58,"column":0},"end":{"line":67,"column":3}},"35":{"start":{"line":58,"column":27},"end":{"line":67,"column":2}},"36":{"start":{"line":59,"column":4},"end":{"line":59,"column":77}},"37":{"start":{"line":60,"column":4},"end":{"line":60,"column":99}},"38":{"start":{"line":61,"column":4},"end":{"line":66,"column":7}},"39":{"start":{"line":63,"column":25},"end":{"line":63,"column":32}},"40":{"start":{"line":63,"column":33},"end":{"line":63,"column":187}},"41":{"start":{"line":65,"column":8},"end":{"line":65,"column":56}}},"branchMap":{"1":{"line":2,"type":"binary-expr","locations":[{"start":{"line":2,"column":17},"end":{"line":2,"column":21}},{"start":{"line":2,"column":25},"end":{"line":2,"column":39}},{"start":{"line":2,"column":44},"end":{"line":10,"column":1}}]},"2":{"line":3,"type":"cond-expr","locations":[{"start":{"line":3,"column":56},"end":{"line":3,"column":61}},{"start":{"line":3,"column":64},"end":{"line":3,"column":109}}]},"3":{"line":4,"type":"binary-expr","locations":[{"start":{"line":4,"column":16},"end":{"line":4,"column":17}},{"start":{"line":4,"column":22},"end":{"line":4,"column":33}}]},"4":{"line":7,"type":"cond-expr","locations":[{"start":{"line":7,"column":46},"end":{"line":7,"column":67}},{"start":{"line":7,"column":70},"end":{"line":7,"column":115}}]},"5":{"line":8,"type":"binary-expr","locations":[{"start":{"line":8,"column":51},"end":{"line":8,"column":61}},{"start":{"line":8,"column":65},"end":{"line":8,"column":67}}]},"6":{"line":22,"type":"cond-expr","locations":[{"start":{"line":22,"column":58},"end":{"line":22,"column":63}},{"start":{"line":22,"column":66},"end":{"line":22,"column":68}}]},"7":{"line":22,"type":"cond-expr","locations":[{"start":{"line":22,"column":95},"end":{"line":22,"column":103}},{"start":{"line":22,"column":106},"end":{"line":22,"column":108}}]},"8":{"line":24,"type":"cond-expr","locations":[{"start":{"line":24,"column":173},"end":{"line":24,"column":179}},{"start":{"line":24,"column":182},"end":{"line":24,"column":190}}]},"9":{"line":24,"type":"binary-expr","locations":[{"start":{"line":24,"column":121},"end":{"line":24,"column":153}},{"start":{"line":24,"column":157},"end":{"line":24,"column":170}}]},"10":{"line":48,"type":"cond-expr","locations":[{"start":{"line":48,"column":50},"end":{"line":48,"column":72}},{"start":{"line":48,"column":75},"end":{"line":48,"column":77}}]},"11":{"line":50,"type":"cond-expr","locations":[{"start":{"line":50,"column":63},"end":{"line":50,"column":91}},{"start":{"line":50,"column":95},"end":{"line":50,"column":120}}]},"12":{"line":61,"type":"cond-expr","locations":[{"start":{"line":61,"column":62},"end":{"line":61,"column":67}},{"start":{"line":61,"column":70},"end":{"line":61,"column":72}}]},"13":{"line":61,"type":"cond-expr","locations":[{"start":{"line":61,"column":99},"end":{"line":61,"column":107}},{"start":{"line":61,"column":110},"end":{"line":61,"column":112}}]},"14":{"line":63,"type":"cond-expr","locations":[{"start":{"line":63,"column":144},"end":{"line":63,"column":150}},{"start":{"line":63,"column":153},"end":{"line":63,"column":161}}]},"15":{"line":63,"type":"binary-expr","locations":[{"start":{"line":63,"column":92},"end":{"line":63,"column":124}},{"start":{"line":63,"column":128},"end":{"line":63,"column":141}}]}}},"c:\\Users\\dkshi\\Documents\\Github\\CartoGraphX-VS-Extension\\out\\src\\events.js":{"path":"c:\\Users\\dkshi\\Documents\\Github\\CartoGraphX-VS-Extension\\out\\src\\events.js","s":{"1":1,"2":1,"3":0,"4":0,"5":1,"6":1,"7":0,"8":0,"9":0,"10":1,"11":0,"12":0,"13":0,"14":1,"15":1,"16":1,"17":1,"18":1,"19":1,"20":1,"21":1,"22":1,"23":1,"24":0,"25":0,"26":0,"27":0,"28":0,"29":0,"30":0,"31":0,"32":0,"33":0,"34":0,"35":1,"36":1,"37":1,"38":0,"39":0,"40":0,"41":0,"42":0,"43":0,"44":0,"45":0,"46":0,"47":0,"48":0,"49":0,"50":1},"b":{"1":[1,1,1],"2":[0,0],"3":[1,1],"4":[1,0],"5":[1,1],"6":[0,0],"7":[0,0],"8":[0,0],"9":[0,0],"10":[0,0],"11":[0,0],"12":[0,0]},"f":{"1":1,"2":0,"3":0,"4":1,"5":0,"6":0,"7":1,"8":0,"9":0,"10":1,"11":1},"fnMap":{"1":{"name":"(anonymous_1)","line":2,"loc":{"start":{"line":2,"column":44},"end":{"line":2,"column":89}}},"2":{"name":"adopt","line":3,"loc":{"start":{"line":3,"column":4},"end":{"line":3,"column":26}}},"3":{"name":"(anonymous_3)","line":3,"loc":{"start":{"line":3,"column":70},"end":{"line":3,"column":89}}},"4":{"name":"(anonymous_4)","line":4,"loc":{"start":{"line":4,"column":36},"end":{"line":4,"column":63}}},"5":{"name":"fulfilled","line":5,"loc":{"start":{"line":5,"column":8},"end":{"line":5,"column":34}}},"6":{"name":"rejected","line":6,"loc":{"start":{"line":6,"column":8},"end":{"line":6,"column":33}}},"7":{"name":"step","line":7,"loc":{"start":{"line":7,"column":8},"end":{"line":7,"column":30}}},"8":{"name":"sendCurrentFile","line":23,"loc":{"start":{"line":23,"column":0},"end":{"line":23,"column":38}}},"9":{"name":"(anonymous_9)","line":24,"loc":{"start":{"line":24,"column":43},"end":{"line":24,"column":56}}},"10":{"name":"currentDocumentListener","line":41,"loc":{"start":{"line":41,"column":0},"end":{"line":41,"column":35}}},"11":{"name":"(anonymous_11)","line":42,"loc":{"start":{"line":42,"column":43},"end":{"line":42,"column":56}}}},"statementMap":{"1":{"start":{"line":2,"column":0},"end":{"line":10,"column":2}},"2":{"start":{"line":3,"column":4},"end":{"line":3,"column":112}},"3":{"start":{"line":3,"column":28},"end":{"line":3,"column":110}},"4":{"start":{"line":3,"column":91},"end":{"line":3,"column":106}},"5":{"start":{"line":4,"column":4},"end":{"line":9,"column":7}},"6":{"start":{"line":5,"column":8},"end":{"line":5,"column":99}},"7":{"start":{"line":5,"column":36},"end":{"line":5,"column":97}},"8":{"start":{"line":5,"column":42},"end":{"line":5,"column":70}},"9":{"start":{"line":5,"column":85},"end":{"line":5,"column":95}},"10":{"start":{"line":6,"column":8},"end":{"line":6,"column":102}},"11":{"start":{"line":6,"column":35},"end":{"line":6,"column":100}},"12":{"start":{"line":6,"column":41},"end":{"line":6,"column":73}},"13":{"start":{"line":6,"column":88},"end":{"line":6,"column":98}},"14":{"start":{"line":7,"column":8},"end":{"line":7,"column":118}},"15":{"start":{"line":7,"column":32},"end":{"line":7,"column":116}},"16":{"start":{"line":8,"column":8},"end":{"line":8,"column":78}},"17":{"start":{"line":11,"column":0},"end":{"line":11,"column":62}},"18":{"start":{"line":12,"column":0},"end":{"line":12,"column":33}},"19":{"start":{"line":13,"column":0},"end":{"line":13,"column":31}},"20":{"start":{"line":14,"column":0},"end":{"line":14,"column":33}},"21":{"start":{"line":15,"column":0},"end":{"line":15,"column":57}},"22":{"start":{"line":16,"column":0},"end":{"line":16,"column":21}},"23":{"start":{"line":23,"column":0},"end":{"line":37,"column":1}},"24":{"start":{"line":24,"column":4},"end":{"line":36,"column":7}},"25":{"start":{"line":25,"column":8},"end":{"line":25,"column":25}},"26":{"start":{"line":26,"column":8},"end":{"line":26,"column":53}},"27":{"start":{"line":27,"column":8},"end":{"line":27,"column":50}},"28":{"start":{"line":28,"column":8},"end":{"line":28,"column":41}},"29":{"start":{"line":29,"column":8},"end":{"line":29,"column":35}},"30":{"start":{"line":30,"column":8},"end":{"line":30,"column":59}},"31":{"start":{"line":31,"column":8},"end":{"line":31,"column":103}},"32":{"start":{"line":32,"column":8},"end":{"line":32,"column":47}},"33":{"start":{"line":33,"column":8},"end":{"line":33,"column":65}},"34":{"start":{"line":34,"column":8},"end":{"line":34,"column":42}},"35":{"start":{"line":41,"column":0},"end":{"line":65,"column":1}},"36":{"start":{"line":42,"column":4},"end":{"line":64,"column":7}},"37":{"start":{"line":44,"column":8},"end":{"line":63,"column":11}},"38":{"start":{"line":45,"column":12},"end":{"line":45,"column":19}},"39":{"start":{"line":46,"column":12},"end":{"line":51,"column":13}},"40":{"start":{"line":47,"column":16},"end":{"line":47,"column":115}},"41":{"start":{"line":49,"column":17},"end":{"line":51,"column":13}},"42":{"start":{"line":50,"column":16},"end":{"line":50,"column":37}},"43":{"start":{"line":52,"column":12},"end":{"line":62,"column":13}},"44":{"start":{"line":53,"column":16},"end":{"line":53,"column":112}},"45":{"start":{"line":54,"column":16},"end":{"line":61,"column":17}},"46":{"start":{"line":55,"column":20},"end":{"line":57,"column":23}},"47":{"start":{"line":56,"column":24},"end":{"line":56,"column":64}},"48":{"start":{"line":58,"column":20},"end":{"line":60,"column":23}},"49":{"start":{"line":59,"column":24},"end":{"line":59,"column":100}},"50":{"start":{"line":66,"column":0},"end":{"line":66,"column":58}}},"branchMap":{"1":{"line":2,"type":"binary-expr","locations":[{"start":{"line":2,"column":17},"end":{"line":2,"column":21}},{"start":{"line":2,"column":25},"end":{"line":2,"column":39}},{"start":{"line":2,"column":44},"end":{"line":10,"column":1}}]},"2":{"line":3,"type":"cond-expr","locations":[{"start":{"line":3,"column":56},"end":{"line":3,"column":61}},{"start":{"line":3,"column":64},"end":{"line":3,"column":109}}]},"3":{"line":4,"type":"binary-expr","locations":[{"start":{"line":4,"column":16},"end":{"line":4,"column":17}},{"start":{"line":4,"column":22},"end":{"line":4,"column":33}}]},"4":{"line":7,"type":"cond-expr","locations":[{"start":{"line":7,"column":46},"end":{"line":7,"column":67}},{"start":{"line":7,"column":70},"end":{"line":7,"column":115}}]},"5":{"line":8,"type":"binary-expr","locations":[{"start":{"line":8,"column":51},"end":{"line":8,"column":61}},{"start":{"line":8,"column":65},"end":{"line":8,"column":67}}]},"6":{"line":46,"type":"if","locations":[{"start":{"line":46,"column":12},"end":{"line":46,"column":12}},{"start":{"line":46,"column":12},"end":{"line":46,"column":12}}]},"7":{"line":46,"type":"binary-expr","locations":[{"start":{"line":46,"column":16},"end":{"line":46,"column":40}},{"start":{"line":46,"column":44},"end":{"line":46,"column":64}}]},"8":{"line":49,"type":"if","locations":[{"start":{"line":49,"column":17},"end":{"line":49,"column":17}},{"start":{"line":49,"column":17},"end":{"line":49,"column":17}}]},"9":{"line":52,"type":"if","locations":[{"start":{"line":52,"column":12},"end":{"line":52,"column":12}},{"start":{"line":52,"column":12},"end":{"line":52,"column":12}}]},"10":{"line":53,"type":"cond-expr","locations":[{"start":{"line":53,"column":87},"end":{"line":53,"column":93}},{"start":{"line":53,"column":96},"end":{"line":53,"column":111}}]},"11":{"line":53,"type":"binary-expr","locations":[{"start":{"line":53,"column":28},"end":{"line":53,"column":67}},{"start":{"line":53,"column":71},"end":{"line":53,"column":84}}]},"12":{"line":54,"type":"if","locations":[{"start":{"line":54,"column":16},"end":{"line":54,"column":16}},{"start":{"line":54,"column":16},"end":{"line":54,"column":16}}]}}}}